Sep 26 14:42:48 symfony [info] {sfPatternRouting} Match route "default" (/:module/:action/*) for /contenido/inicio with parameters array (  'module' => 'contenido',  'action' => 'inicio',)
Sep 26 14:42:48 symfony [info] {sfFilterChain} Executing filter "sfRenderingFilter"
Sep 26 14:42:48 symfony [info] {sfFilterChain} Executing filter "sfExecutionFilter"
Sep 26 14:42:48 symfony [info] {contenidoActions} Call "contenidoActions->executeInicio()"
Sep 26 14:42:48 symfony [info] {sfPHPView} Render "C:\WebProjects\Galeno\apps\xerocare\modules/contenido/templates/inicioSuccess.php"
Sep 26 14:42:48 symfony [info] {sfPHPView} Decorate content with "C:\WebProjects\Galeno\apps\xerocare\templates/layout2.php"
Sep 26 14:42:48 symfony [info] {sfPHPView} Render "C:\WebProjects\Galeno\apps\xerocare\templates/layout2.php"
Sep 26 14:42:48 symfony [info] {main} Get slot "title"
Sep 26 14:42:48 symfony [info] {sfWebResponse} Send status "HTTP/1.1 200 OK"
Sep 26 14:42:48 symfony [info] {sfWebResponse} Send header "Content-Type: text/html; charset=utf-8"
Sep 26 14:42:48 symfony [info] {sfWebResponse} Send content (18277 o)
Sep 26 14:42:49 symfony [info] {sfFilterChain} Executing filter "sfRenderingFilter"
Sep 26 14:42:49 symfony [info] {sfFilterChain} Executing filter "sfExecutionFilter"
Sep 26 14:42:49 symfony [info] {contenidoActions} Call "contenidoActions->executeError404()"
Sep 26 14:42:49 symfony [info] {sfPHPView} Render "C:\WebProjects\Galeno\apps\xerocare\modules/contenido/templates/error404Success.php"
Sep 26 14:42:49 symfony [info] {sfPHPView} Decorate content with "C:\WebProjects\Galeno\apps\xerocare\templates/layout2.php"
Sep 26 14:42:49 symfony [info] {sfPHPView} Render "C:\WebProjects\Galeno\apps\xerocare\templates/layout2.php"
Sep 26 14:42:49 symfony [info] {main} Get slot "title"
Sep 26 14:42:49 symfony [info] {sfWebResponse} Send status "HTTP/1.1 404 Not Found"
Sep 26 14:42:49 symfony [info] {sfWebResponse} Send header "Status: 404 Not Found"
Sep 26 14:42:49 symfony [info] {sfWebResponse} Send header "Content-Type: text/html; charset=utf-8"
Sep 26 14:42:49 symfony [info] {sfWebResponse} Send content (17719 o)
Sep 26 14:42:52 symfony [info] {sfPatternRouting} Match route "default" (/:module/:action/*) for /contenido/inicio with parameters array (  'module' => 'contenido',  'action' => 'inicio',)
Sep 26 14:42:52 symfony [info] {sfFilterChain} Executing filter "sfRenderingFilter"
Sep 26 14:42:52 symfony [info] {sfFilterChain} Executing filter "sfExecutionFilter"
Sep 26 14:42:52 symfony [info] {contenidoActions} Call "contenidoActions->executeInicio()"
Sep 26 14:42:52 symfony [info] {sfPHPView} Render "C:\WebProjects\Galeno\apps\xerocare\modules/contenido/templates/inicioSuccess.php"
Sep 26 14:42:52 symfony [info] {sfPHPView} Decorate content with "C:\WebProjects\Galeno\apps\xerocare\templates/layout2.php"
Sep 26 14:42:52 symfony [info] {sfPHPView} Render "C:\WebProjects\Galeno\apps\xerocare\templates/layout2.php"
Sep 26 14:42:52 symfony [info] {main} Get slot "title"
Sep 26 14:42:52 symfony [info] {sfWebResponse} Send status "HTTP/1.1 200 OK"
Sep 26 14:42:52 symfony [info] {sfWebResponse} Send header "Content-Type: text/html; charset=utf-8"
Sep 26 14:42:52 symfony [info] {sfWebResponse} Send content (18277 o)
Sep 26 14:42:52 symfony [info] {sfFilterChain} Executing filter "sfRenderingFilter"
Sep 26 14:42:52 symfony [info] {sfFilterChain} Executing filter "sfExecutionFilter"
Sep 26 14:42:52 symfony [info] {contenidoActions} Call "contenidoActions->executeError404()"
Sep 26 14:42:52 symfony [info] {sfPHPView} Render "C:\WebProjects\Galeno\apps\xerocare\modules/contenido/templates/error404Success.php"
Sep 26 14:42:52 symfony [info] {sfPHPView} Decorate content with "C:\WebProjects\Galeno\apps\xerocare\templates/layout2.php"
Sep 26 14:42:52 symfony [info] {sfPHPView} Render "C:\WebProjects\Galeno\apps\xerocare\templates/layout2.php"
Sep 26 14:42:52 symfony [info] {main} Get slot "title"
Sep 26 14:42:52 symfony [info] {sfWebResponse} Send status "HTTP/1.1 404 Not Found"
Sep 26 14:42:52 symfony [info] {sfWebResponse} Send header "Status: 404 Not Found"
Sep 26 14:42:52 symfony [info] {sfWebResponse} Send header "Content-Type: text/html; charset=utf-8"
Sep 26 14:42:52 symfony [info] {sfWebResponse} Send content (17719 o)
